<?xml version="1.0" encoding="UTF-8"?>
<!-- Generated by org.testng.reporters.JUnitReportReporter -->
<testsuite hostname="ThanhVo" failures="0" tests="1" name="org.example.AppTest" time="0.015" errors="0" timestamp="2024-12-08T00:13:53 ICT" skipped="0">
  <testcase classname="org.example.AppTest" name="testApp" time="0.015"/>
</testsuite> <!-- org.example.AppTest -->
